<?xml version="1.0" encoding="UTF-8"?>
<!-- Generated by org.testng.reporters.JUnitReportReporter -->
<testsuite hostname="Monte" failures="0" tests="1" name="practice.FlightBookOnClearTripSite" time="101.969" errors="0" timestamp="2021-11-10T13:56:38 IST" skipped="0">
  <testcase classname="practice.FlightBookOnClearTripSite" name="bookTicket" time="101.969"/>
  <system-out/>
</testsuite> <!-- practice.FlightBookOnClearTripSite -->
