<?xml version="1.0" encoding="UTF-8"?>
<!-- Generated by org.testng.reporters.JUnitReportReporter -->
<testsuite hostname="Monte" failures="0" tests="1" name="practice.FlightBooking" time="33.731" errors="0" timestamp="2021-11-09T14:39:34 IST" skipped="0">
  <testcase classname="practice.FlightBooking" name="flightBook" time="33.731"/>
  <system-out/>
</testsuite> <!-- practice.FlightBooking -->
