<?xml version="1.0" encoding="UTF-8"?>
<!-- Generated by org.testng.reporters.JUnitReportReporter -->
<testsuite hostname="Monte" failures="0" tests="1" name="practice.FlightBookonJan20Test" time="47.751" errors="0" timestamp="2021-11-12T13:19:31 IST" skipped="0">
  <testcase classname="practice.FlightBookonJan20Test" name="bookTicket" time="47.751"/>
  <system-out/>
</testsuite> <!-- practice.FlightBookonJan20Test -->
