<?xml version="1.0" encoding="UTF-8"?>
<!-- Generated by org.testng.reporters.JUnitReportReporter -->
<testsuite hostname="Monte" failures="0" tests="1" name="practice.FlightBookonJan20" time="23.022" errors="0" timestamp="2021-11-09T14:32:47 IST" skipped="0">
  <testcase classname="practice.FlightBookonJan20" name="bookTicket" time="23.022"/>
  <system-out/>
</testsuite> <!-- practice.FlightBookonJan20 -->
