<?xml version="1.0" encoding="UTF-8"?>
<!-- Generated by org.testng.reporters.JUnitReportReporter -->
<testsuite hostname="Monte" failures="0" tests="1" name="practice.FlightBookingWithCurrentDateTest" time="66.592" errors="0" timestamp="2021-11-12T16:21:07 IST" skipped="0">
  <testcase classname="practice.FlightBookingWithCurrentDateTest" name="flightBook" time="66.592"/>
  <system-out/>
</testsuite> <!-- practice.FlightBookingWithCurrentDateTest -->
