<?xml version="1.0" encoding="UTF-8"?>
<!-- Generated by org.testng.reporters.JUnitReportReporter -->
<testsuite hostname="Monte" failures="0" tests="1" name="practice.FlightBookingWithCurrentDateTest" time="34.720" errors="0" timestamp="2021-11-12T19:25:57 IST" skipped="0">
  <testcase classname="practice.FlightBookingWithCurrentDateTest" name="flightBook" time="34.720"/>
  <system-out/>
</testsuite> <!-- practice.FlightBookingWithCurrentDateTest -->
