<?xml version="1.0" encoding="UTF-8"?>
<!-- Generated by org.testng.reporters.JUnitReportReporter -->
<testsuite hostname="Monte" failures="0" tests="1" name="practice.FlightBookingWithCurrentDate" time="105.328" errors="0" timestamp="2021-11-10T14:01:11 IST" skipped="0">
  <testcase classname="practice.FlightBookingWithCurrentDate" name="flightBook" time="105.328"/>
  <system-out/>
</testsuite> <!-- practice.FlightBookingWithCurrentDate -->
