<?xml version="1.0" encoding="UTF-8"?>
<!-- Generated by org.testng.reporters.JUnitReportReporter -->
<testsuite hostname="Monte" failures="0" tests="1" name="practice.HandlingDynamicWebTable" time="29.310" errors="0" timestamp="2021-11-09T19:21:44 IST" skipped="0">
  <testcase classname="practice.HandlingDynamicWebTable" name="handlingDynamicWebTable" time="29.310"/>
  <system-out/>
</testsuite> <!-- practice.HandlingDynamicWebTable -->
