<?xml version="1.0" encoding="UTF-8"?>
<!-- Generated by org.testng.reporters.JUnitReportReporter -->
<testsuite hostname="Monte" failures="0" tests="1" name="practice.FlightBookingWithCurrentDateTest" time="72.238" errors="0" timestamp="2021-11-12T13:19:31 IST" skipped="0">
  <testcase classname="practice.FlightBookingWithCurrentDateTest" name="flightBook" time="72.238"/>
  <system-out/>
</testsuite> <!-- practice.FlightBookingWithCurrentDateTest -->
