<?xml version="1.0" encoding="UTF-8"?>
<!-- Generated by org.testng.reporters.JUnitReportReporter -->
<testsuite hostname="Monte" failures="0" tests="1" name="practice.ReadDataFromCmdLineTest" time="0.030" errors="0" timestamp="2021-11-10T18:39:40 IST" skipped="0">
  <testcase classname="practice.ReadDataFromCmdLineTest" name="readData" time="0.030"/>
  <system-out/>
</testsuite> <!-- practice.ReadDataFromCmdLineTest -->
